<?xml version="1.0" encoding="UTF-8"?>
<!-- Generated by org.testng.reporters.JUnitReportReporter -->
<testsuite hostname="DESKTOP-J4SRGEC" failures="0" tests="1" name="QA_Automation_Testing_Task.search_functionality" time="6.011" errors="0" timestamp="2024-08-22T07:52:58 IST" skipped="0">
  <testcase classname="QA_Automation_Testing_Task.search_functionality" name="search_product" time="6.011"/>
  <system-out/>
</testsuite> <!-- QA_Automation_Testing_Task.search_functionality -->
